{"name": "Sign Up Flow - 1 Month", "status": "broken", "statusDetails": {"message": "selenium.common.exceptions.TimeoutException: Message: \nStacktrace:\n0   chromedriver                        0x0000000102e08e6c cxxbridge1$str$ptr + 2722840\n1   chromedriver                        0x0000000102e00d74 cxxbridge1$str$ptr + 2689824\n2   chromedriver                        0x00000001029523ec cxxbridge1$string$len + 90648\n3   chromedriver                        0x0000000102999544 cxxbridge1$string$len + 381808\n4   chromedriver                        0x00000001029da934 cxxbridge1$string$len + 649056\n5   chromedriver                        0x000000010298d834 cxxbridge1$string$len + 333408\n6   chromedriver                        0x0000000102dcbf88 cxxbridge1$str$ptr + 2473268\n7   chromedriver                        0x0000000102dcf1f4 cxxbridge1$str$ptr + 2486176\n8   chromedriver                        0x0000000102dad9d0 cxxbridge1$str$ptr + 2348924\n9   chromedriver                        0x0000000102dcfab0 cxxbridge1$str$ptr + 2488412\n10  chromedriver                        0x0000000102d9ea60 cxxbridge1$str$ptr + 2287628\n11  chromedriver                        0x0000000102def9a0 cxxbridge1$str$ptr + 2619212\n12  chromedriver                        0x0000000102defb2c cxxbridge1$str$ptr + 2619608\n13  chromedriver                        0x0000000102e009b0 cxxbridge1$str$ptr + 2688860\n14  libsystem_pthread.dylib             0x000000019e91ec0c _pthread_start + 136\n15  libsystem_pthread.dylib             0x000000019e919b80 thread_start + 8", "trace": "driver = <selenium.webdriver.chrome.webdriver.WebDriver (session=\"63c795c2c5d4bd10d6c80d1877c920e4\")>\n\n    @allure.title(\"Sign Up Flow - 1 Month\")\n    @allure.description(\"This test verifies the web sign up flow for a 1 month product\")\n    def test_sign_up_flow(driver):\n        driver.get(\"https://www.virginmobile.ae\")\n        home_page = HomePage(driver)\n        home_page.verify_page_load()\n        service_type_page = home_page.click_join_us()\n        service_type_page.verify_service_type_page_load()\n        plan_selection_page = service_type_page.click_mobile_plan_btn()\n        plan_selection_page.verify_plan_selection_page_load()\n        plan_selection_page.change_plan()\n        promo_page = plan_selection_page.click_continue_btn()\n        promo_page.verify_promo_page()\n        number_selection_page = promo_page.click_monthly_btn()\n        number_selection_page.verify_number_selection_page()\n        account_creation_page = number_selection_page.click_confirm()\n        account_creation_page.verify_account_creation_page()\n        id_type_page = account_creation_page.create_account(\"mobile\")\n        id_type_page.verify_id_page()\n        address_page = id_type_page.select_id()\n        address_page.verify_address_page()\n        delivery_details_page = address_page.enter_address()\n        delivery_details_page.verify_delivery_details_page()\n        checkout_page = delivery_details_page.enter_address()\n        checkout_page.verify_checkout_page()\n        payment_page = checkout_page.agree_and_proceed()\n>       payment_page.verify_payment_page()\n\ntests/test_001.py:30: \n_ _ _ _ _ _ _ _ _ _ _ _ _ _ _ _ _ _ _ _ _ _ _ _ _ _ _ _ _ _ _ _ _ _ _ _ _ _ _ _ _ _ _ _ _ _ _ _ _ _ _ _ _ _ _ _ _ _ _ _ _ _ _ _ _ _ _ _ _ _ _ _ _ _ _ _ _ _ _ _ _ _ _ _ _\npages/payment_page.py:15: in verify_payment_page\n    header = self.scroll_to_top_of_element(self.PAYMENT_HEADER)\npages/base_page.py:28: in scroll_to_top_of_element\n    element = self.find(locator)\npages/base_page.py:10: in find\n    return self.wait.until(EC.visibility_of_element_located(locator))\n_ _ _ _ _ _ _ _ _ _ _ _ _ _ _ _ _ _ _ _ _ _ _ _ _ _ _ _ _ _ _ _ _ _ _ _ _ _ _ _ _ _ _ _ _ _ _ _ _ _ _ _ _ _ _ _ _ _ _ _ _ _ _ _ _ _ _ _ _ _ _ _ _ _ _ _ _ _ _ _ _ _ _ _ _\n\nself = <selenium.webdriver.support.wait.WebDriverWait (session=\"63c795c2c5d4bd10d6c80d1877c920e4\")>\nmethod = <function visibility_of_element_located.<locals>._predicate at 0x102a79ee0>, message = ''\n\n    def until(self, method: Callable[[D], Union[Literal[False], T]], message: str = \"\") -> T:\n        \"\"\"Calls the method provided with the driver as an argument until the \\\n        return value does not evaluate to ``False``.\n    \n        :param method: callable(WebDriver)\n        :param message: optional message for :exc:`TimeoutException`\n        :returns: the result of the last call to `method`\n        :raises: :exc:`selenium.common.exceptions.TimeoutException` if timeout occurs\n        \"\"\"\n        screen = None\n        stacktrace = None\n    \n        end_time = time.monotonic() + self._timeout\n        while True:\n            try:\n                value = method(self._driver)\n                if value:\n                    return value\n            except self._ignored_exceptions as exc:\n                screen = getattr(exc, \"screen\", None)\n                stacktrace = getattr(exc, \"stacktrace\", None)\n            time.sleep(self._poll)\n            if time.monotonic() > end_time:\n                break\n>       raise TimeoutException(message, screen, stacktrace)\nE       selenium.common.exceptions.TimeoutException: Message: \nE       Stacktrace:\nE       0   chromedriver                        0x0000000102e08e6c cxxbridge1$str$ptr + 2722840\nE       1   chromedriver                        0x0000000102e00d74 cxxbridge1$str$ptr + 2689824\nE       2   chromedriver                        0x00000001029523ec cxxbridge1$string$len + 90648\nE       3   chromedriver                        0x0000000102999544 cxxbridge1$string$len + 381808\nE       4   chromedriver                        0x00000001029da934 cxxbridge1$string$len + 649056\nE       5   chromedriver                        0x000000010298d834 cxxbridge1$string$len + 333408\nE       6   chromedriver                        0x0000000102dcbf88 cxxbridge1$str$ptr + 2473268\nE       7   chromedriver                        0x0000000102dcf1f4 cxxbridge1$str$ptr + 2486176\nE       8   chromedriver                        0x0000000102dad9d0 cxxbridge1$str$ptr + 2348924\nE       9   chromedriver                        0x0000000102dcfab0 cxxbridge1$str$ptr + 2488412\nE       10  chromedriver                        0x0000000102d9ea60 cxxbridge1$str$ptr + 2287628\nE       11  chromedriver                        0x0000000102def9a0 cxxbridge1$str$ptr + 2619212\nE       12  chromedriver                        0x0000000102defb2c cxxbridge1$str$ptr + 2619608\nE       13  chromedriver                        0x0000000102e009b0 cxxbridge1$str$ptr + 2688860\nE       14  libsystem_pthread.dylib             0x000000019e91ec0c _pthread_start + 136\nE       15  libsystem_pthread.dylib             0x000000019e919b80 thread_start + 8\n\n/opt/homebrew/lib/python3.11/site-packages/selenium/webdriver/support/wait.py:105: TimeoutException"}, "description": "This test verifies the web sign up flow for a 1 month product", "steps": [{"name": "Verify that the homepage loaded correctly", "status": "passed", "start": 1752581308016, "stop": 1752581308041}, {"name": "Click join us on the homepage", "status": "passed", "start": 1752581308041, "stop": 1752581309547}, {"name": "Verify that the service type page has loaded correctly", "status": "passed", "start": 1752581309547, "stop": 1752581309565}, {"name": "Select mobile plan in the sign up flow", "status": "passed", "start": 1752581309565, "stop": 1752581311109}, {"name": "Verify plan selection page.", "status": "passed", "start": 1752581311109, "stop": 1752581312153}, {"name": "Change the plan and verify that the correct amount is reflected in the plan price", "status": "passed", "start": 1752581312153, "stop": 1752581314321}, {"name": "Click continue btn on the plan selection page", "status": "passed", "start": 1752581314322, "stop": 1752581314409}, {"name": "Verify that the promo page is loaded", "status": "passed", "start": 1752581314409, "stop": 1752581315484}, {"name": "Click monthly plan on the promo screen", "status": "passed", "start": 1752581315484, "stop": 1752581315560}, {"name": "Verify number selection page heading, confirm/reject btn and MNP link", "status": "passed", "start": 1752581315560, "stop": 1752581316664}, {"name": "Select confirm btn", "status": "passed", "start": 1752581316665, "stop": 1752581316721}, {"name": "Verify that the account creation page has loaded and header / btn is displayed.", "status": "passed", "start": 1752581316726, "stop": 1752581318318}, {"name": "Create an account using a randomly generated email", "status": "passed", "parameters": [{"name": "account_type", "value": "'mobile'"}], "start": 1752581318318, "stop": 1752581323889}, {"name": "Verify ID type page", "status": "passed", "start": 1752581323890, "stop": 1752581323926}, {"name": "Select EID as the ID option", "status": "passed", "start": 1752581323926, "stop": 1752581323984}, {"name": "Verify the address page header, searchbar and map", "status": "passed", "start": 1752581323984, "stop": 1752581324545}, {"name": "Enter delivery address in search bar.", "status": "passed", "start": 1752581324545, "stop": 1752581335777}, {"name": "Verify delivery details page header and building options", "status": "passed", "start": 1752581335777, "stop": 1752581335794}, {"name": "Enter the address details and click continue", "status": "passed", "start": 1752581335794, "stop": 1752581336338}, {"name": "Verify all payment elements are loaded and displayed on the screen", "status": "passed", "start": 1752581336338, "stop": 1752581343720}, {"name": "Agree to terms and proceed to payment", "status": "passed", "start": 1752581343720, "stop": 1752581344858}, {"name": "Verify payment page header, credit/debit, google pay and POD", "status": "broken", "statusDetails": {"message": "selenium.common.exceptions.TimeoutException: Message: \nStacktrace:\n0   chromedriver                        0x0000000102e08e6c cxxbridge1$str$ptr + 2722840\n1   chromedriver                        0x0000000102e00d74 cxxbridge1$str$ptr + 2689824\n2   chromedriver                        0x00000001029523ec cxxbridge1$string$len + 90648\n3   chromedriver                        0x0000000102999544 cxxbridge1$string$len + 381808\n4   chromedriver                        0x00000001029da934 cxxbridge1$string$len + 649056\n5   chromedriver                        0x000000010298d834 cxxbridge1$string$len + 333408\n6   chromedriver                        0x0000000102dcbf88 cxxbridge1$str$ptr + 2473268\n7   chromedriver                        0x0000000102dcf1f4 cxxbridge1$str$ptr + 2486176\n8   chromedriver                        0x0000000102dad9d0 cxxbridge1$str$ptr + 2348924\n9   chromedriver                        0x0000000102dcfab0 cxxbridge1$str$ptr + 2488412\n10  chromedriver                        0x0000000102d9ea60 cxxbridge1$str$ptr + 2287628\n11  chromedriver                        0x0000000102def9a0 cxxbridge1$str$ptr + 2619212\n12  chromedriver                        0x0000000102defb2c cxxbridge1$str$ptr + 2619608\n13  chromedriver                        0x0000000102e009b0 cxxbridge1$str$ptr + 2688860\n14  libsystem_pthread.dylib             0x000000019e91ec0c _pthread_start + 136\n15  libsystem_pthread.dylib             0x000000019e919b80 thread_start + 8\n\n", "trace": "  File \"/opt/homebrew/lib/python3.11/site-packages/allure_commons/_allure.py\", line 202, in impl\n    return func(*a, **kw)\n           ^^^^^^^^^^^^^^\n  File \"/Users/muhammadkhan/Desktop/Web Automation/pages/payment_page.py\", line 15, in verify_payment_page\n    header = self.scroll_to_top_of_element(self.PAYMENT_HEADER)\n             ^^^^^^^^^^^^^^^^^^^^^^^^^^^^^^^^^^^^^^^^^^^^^^^^^^\n  File \"/Users/muhammadkhan/Desktop/Web Automation/pages/base_page.py\", line 28, in scroll_to_top_of_element\n    element = self.find(locator)\n              ^^^^^^^^^^^^^^^^^^\n  File \"/Users/muhammadkhan/Desktop/Web Automation/pages/base_page.py\", line 10, in find\n    return self.wait.until(EC.visibility_of_element_located(locator))\n           ^^^^^^^^^^^^^^^^^^^^^^^^^^^^^^^^^^^^^^^^^^^^^^^^^^^^^^^^^^\n  File \"/opt/homebrew/lib/python3.11/site-packages/selenium/webdriver/support/wait.py\", line 105, in until\n    raise TimeoutException(message, screen, stacktrace)\n"}, "start": 1752581344858, "stop": 1752581365011}], "start": 1752581302908, "stop": 1752581365019, "uuid": "6b888d5c-9132-4836-b467-af09661786bc", "historyId": "645440255b0a513ba9abef0317b5fc0c", "testCaseId": "645440255b0a513ba9abef0317b5fc0c", "fullName": "tests.test_001#test_sign_up_flow", "labels": [{"name": "parentSuite", "value": "tests"}, {"name": "suite", "value": "test_001"}, {"name": "host", "value": "Muhammads-MacBook-Air.local"}, {"name": "thread", "value": "65597-MainThread"}, {"name": "framework", "value": "pytest"}, {"name": "language", "value": "cpython3"}, {"name": "package", "value": "tests.test_001"}]}