{"name": "Sign Up Flow - MBB 1 Month", "status": "broken", "statusDetails": {"message": "selenium.common.exceptions.TimeoutException: Message: \nStacktrace:\n0   chromedriver                        0x0000000102998b38 cxxbridge1$str$ptr + 2722088\n1   chromedriver                        0x0000000102990aa8 cxxbridge1$str$ptr + 2689176\n2   chromedriver                        0x00000001024e233c cxxbridge1$string$len + 90648\n3   chromedriver                        0x0000000102529494 cxxbridge1$string$len + 381808\n4   chromedriver                        0x000000010256a880 cxxbridge1$string$len + 649052\n5   chromedriver                        0x000000010251d784 cxxbridge1$string$len + 333408\n6   chromedriver                        0x000000010295beb4 cxxbridge1$str$ptr + 2473124\n7   chromedriver                        0x000000010295f120 cxxbridge1$str$ptr + 2486032\n8   chromedriver                        0x000000010293d6b4 cxxbridge1$str$ptr + 2348196\n9   chromedriver                        0x000000010295f9dc cxxbridge1$str$ptr + 2488268\n10  chromedriver                        0x000000010292e730 cxxbridge1$str$ptr + 2286880\n11  chromedriver                        0x000000010297f5f8 cxxbridge1$str$ptr + 2618344\n12  chromedriver                        0x000000010297f784 cxxbridge1$str$ptr + 2618740\n13  chromedriver                        0x00000001029906e4 cxxbridge1$str$ptr + 2688212\n14  libsystem_pthread.dylib             0x0000000195b3ac0c _pthread_start + 136\n15  libsystem_pthread.dylib             0x0000000195b35b80 thread_start + 8", "trace": "driver = <selenium.webdriver.chrome.webdriver.WebDriver (session=\"31e105ecbac15d4f32e644a96b69aeb0\")>\n\n    @allure.title(\"Sign Up Flow - MBB 1 Month\")\n    @allure.description(\"This test verifies the web sign up flow for MBB 1 month plan\")\n    def test_mbb_sign_up_flow(driver):\n        driver.get(\"https://www.virginmobile.ae\")\n        home_page = HomePage(driver)\n        home_page.verify_page_load()\n        service_type_page = home_page.click_join_us()\n        service_type_page.verify_service_type_page_load()\n        coverage_check_page = service_type_page.click_mbb_plan_btn()\n>       coverage_check_page.verify_coverage_check_page()\n\ntests/test_002.py:13: \n_ _ _ _ _ _ _ _ _ _ _ _ _ _ _ _ _ _ _ _ _ _ _ _ _ _ _ _ _ _ _ _ _ _ _ _ _ _ _ _ _ _ _ _ _ _ _ _ _ _ _ _ _ _ _ _ _ _ _ _ _ _ _ _ _ _ _ _ _ _ _ _ _ _ _ _ _ _ _ _ _ _ _ _ _\npages/coverage_check_page.py:21: in verify_coverage_check_page\n    header = self.find(self.PAGE_HEADER)\npages/base_page.py:10: in find\n    return self.wait.until(EC.visibility_of_element_located(locator))\n_ _ _ _ _ _ _ _ _ _ _ _ _ _ _ _ _ _ _ _ _ _ _ _ _ _ _ _ _ _ _ _ _ _ _ _ _ _ _ _ _ _ _ _ _ _ _ _ _ _ _ _ _ _ _ _ _ _ _ _ _ _ _ _ _ _ _ _ _ _ _ _ _ _ _ _ _ _ _ _ _ _ _ _ _\n\nself = <selenium.webdriver.support.wait.WebDriverWait (session=\"31e105ecbac15d4f32e644a96b69aeb0\")>\nmethod = <function visibility_of_element_located.<locals>._predicate at 0x102b65760>, message = ''\n\n    def until(self, method: Callable[[D], Union[Literal[False], T]], message: str = \"\") -> T:\n        \"\"\"Calls the method provided with the driver as an argument until the \\\n        return value does not evaluate to ``False``.\n    \n        :param method: callable(WebDriver)\n        :param message: optional message for :exc:`TimeoutException`\n        :returns: the result of the last call to `method`\n        :raises: :exc:`selenium.common.exceptions.TimeoutException` if timeout occurs\n        \"\"\"\n        screen = None\n        stacktrace = None\n    \n        end_time = time.monotonic() + self._timeout\n        while True:\n            try:\n                value = method(self._driver)\n                if value:\n                    return value\n            except self._ignored_exceptions as exc:\n                screen = getattr(exc, \"screen\", None)\n                stacktrace = getattr(exc, \"stacktrace\", None)\n            time.sleep(self._poll)\n            if time.monotonic() > end_time:\n                break\n>       raise TimeoutException(message, screen, stacktrace)\nE       selenium.common.exceptions.TimeoutException: Message: \nE       Stacktrace:\nE       0   chromedriver                        0x0000000102998b38 cxxbridge1$str$ptr + 2722088\nE       1   chromedriver                        0x0000000102990aa8 cxxbridge1$str$ptr + 2689176\nE       2   chromedriver                        0x00000001024e233c cxxbridge1$string$len + 90648\nE       3   chromedriver                        0x0000000102529494 cxxbridge1$string$len + 381808\nE       4   chromedriver                        0x000000010256a880 cxxbridge1$string$len + 649052\nE       5   chromedriver                        0x000000010251d784 cxxbridge1$string$len + 333408\nE       6   chromedriver                        0x000000010295beb4 cxxbridge1$str$ptr + 2473124\nE       7   chromedriver                        0x000000010295f120 cxxbridge1$str$ptr + 2486032\nE       8   chromedriver                        0x000000010293d6b4 cxxbridge1$str$ptr + 2348196\nE       9   chromedriver                        0x000000010295f9dc cxxbridge1$str$ptr + 2488268\nE       10  chromedriver                        0x000000010292e730 cxxbridge1$str$ptr + 2286880\nE       11  chromedriver                        0x000000010297f5f8 cxxbridge1$str$ptr + 2618344\nE       12  chromedriver                        0x000000010297f784 cxxbridge1$str$ptr + 2618740\nE       13  chromedriver                        0x00000001029906e4 cxxbridge1$str$ptr + 2688212\nE       14  libsystem_pthread.dylib             0x0000000195b3ac0c _pthread_start + 136\nE       15  libsystem_pthread.dylib             0x0000000195b35b80 thread_start + 8\n\n/opt/homebrew/lib/python3.11/site-packages/selenium/webdriver/support/wait.py:105: TimeoutException"}, "description": "This test verifies the web sign up flow for MBB 1 month plan", "steps": [{"name": "Verify that the homepage loaded correctly", "status": "passed", "start": 1754636738138, "stop": 1754636738169}, {"name": "Click join us on the homepage", "status": "passed", "start": 1754636738169, "stop": 1754636746703}, {"name": "Verify that the service type page has loaded correctly", "status": "passed", "start": 1754636746703, "stop": 1754636746727}, {"name": "Select MBB plan in the sign up flow", "status": "passed", "start": 1754636746727, "stop": 1754636754348}, {"name": "Verify page header, search bar and map", "status": "broken", "statusDetails": {"message": "selenium.common.exceptions.TimeoutException: Message: \nStacktrace:\n0   chromedriver                        0x0000000102998b38 cxxbridge1$str$ptr + 2722088\n1   chromedriver                        0x0000000102990aa8 cxxbridge1$str$ptr + 2689176\n2   chromedriver                        0x00000001024e233c cxxbridge1$string$len + 90648\n3   chromedriver                        0x0000000102529494 cxxbridge1$string$len + 381808\n4   chromedriver                        0x000000010256a880 cxxbridge1$string$len + 649052\n5   chromedriver                        0x000000010251d784 cxxbridge1$string$len + 333408\n6   chromedriver                        0x000000010295beb4 cxxbridge1$str$ptr + 2473124\n7   chromedriver                        0x000000010295f120 cxxbridge1$str$ptr + 2486032\n8   chromedriver                        0x000000010293d6b4 cxxbridge1$str$ptr + 2348196\n9   chromedriver                        0x000000010295f9dc cxxbridge1$str$ptr + 2488268\n10  chromedriver                        0x000000010292e730 cxxbridge1$str$ptr + 2286880\n11  chromedriver                        0x000000010297f5f8 cxxbridge1$str$ptr + 2618344\n12  chromedriver                        0x000000010297f784 cxxbridge1$str$ptr + 2618740\n13  chromedriver                        0x00000001029906e4 cxxbridge1$str$ptr + 2688212\n14  libsystem_pthread.dylib             0x0000000195b3ac0c _pthread_start + 136\n15  libsystem_pthread.dylib             0x0000000195b35b80 thread_start + 8\n\n", "trace": "  File \"/opt/homebrew/lib/python3.11/site-packages/allure_commons/_allure.py\", line 202, in impl\n    return func(*a, **kw)\n           ^^^^^^^^^^^^^^\n  File \"/Users/muhammadkhan/Desktop/Web Automation/pages/coverage_check_page.py\", line 21, in verify_coverage_check_page\n    header = self.find(self.PAGE_HEADER)\n             ^^^^^^^^^^^^^^^^^^^^^^^^^^^\n  File \"/Users/muhammadkhan/Desktop/Web Automation/pages/base_page.py\", line 10, in find\n    return self.wait.until(EC.visibility_of_element_located(locator))\n           ^^^^^^^^^^^^^^^^^^^^^^^^^^^^^^^^^^^^^^^^^^^^^^^^^^^^^^^^^^\n  File \"/opt/homebrew/lib/python3.11/site-packages/selenium/webdriver/support/wait.py\", line 105, in until\n    raise TimeoutException(message, screen, stacktrace)\n"}, "start": 1754636754348, "stop": 1754636774401}], "start": 1754636711193, "stop": 1754636774410, "uuid": "1592dd56-9e8b-4f43-86eb-61f246576f5d", "historyId": "5127a019c467fe5ce3953125d130e0c2", "testCaseId": "5127a019c467fe5ce3953125d130e0c2", "fullName": "tests.test_002#test_mbb_sign_up_flow", "labels": [{"name": "parentSuite", "value": "tests"}, {"name": "suite", "value": "test_002"}, {"name": "host", "value": "Muhammads-MacBook-Air.local"}, {"name": "thread", "value": "16380-MainThread"}, {"name": "framework", "value": "pytest"}, {"name": "language", "value": "cpython3"}, {"name": "package", "value": "tests.test_002"}]}