{"name": "Sign Up Flow - MBB 1 Month", "status": "broken", "statusDetails": {"message": "selenium.common.exceptions.TimeoutException: Message: \nStacktrace:\n0   chromedriver                        0x000000010490ce6c cxxbridge1$str$ptr + 2722840\n1   chromedriver                        0x0000000104904d74 cxxbridge1$str$ptr + 2689824\n2   chromedriver                        0x00000001044563ec cxxbridge1$string$len + 90648\n3   chromedriver                        0x000000010449d544 cxxbridge1$string$len + 381808\n4   chromedriver                        0x00000001044de934 cxxbridge1$string$len + 649056\n5   chromedriver                        0x0000000104491834 cxxbridge1$string$len + 333408\n6   chromedriver                        0x00000001048cff88 cxxbridge1$str$ptr + 2473268\n7   chromedriver                        0x00000001048d31f4 cxxbridge1$str$ptr + 2486176\n8   chromedriver                        0x00000001048b19d0 cxxbridge1$str$ptr + 2348924\n9   chromedriver                        0x00000001048d3ab0 cxxbridge1$str$ptr + 2488412\n10  chromedriver                        0x00000001048a2a60 cxxbridge1$str$ptr + 2287628\n11  chromedriver                        0x00000001048f39a0 cxxbridge1$str$ptr + 2619212\n12  chromedriver                        0x00000001048f3b2c cxxbridge1$str$ptr + 2619608\n13  chromedriver                        0x00000001049049b0 cxxbridge1$str$ptr + 2688860\n14  libsystem_pthread.dylib             0x000000019e91ec0c _pthread_start + 136\n15  libsystem_pthread.dylib             0x000000019e919b80 thread_start + 8", "trace": "driver = <selenium.webdriver.chrome.webdriver.WebDriver (session=\"ba3300cf0ecf66b91425718e2c53adfc\")>\n\n    @allure.title(\"Sign Up Flow - MBB 1 Month\")\n    @allure.description(\"Verify the web sign up flow for MBB 1 month plan\")\n    def test_mbb_sign_up_flow(driver):\n        driver.get(\"https://www.virginmobile.ae\")\n        home_page = HomePage(driver)\n        home_page.verify_page_load()\n        service_type_page = home_page.click_join_us()\n        service_type_page.verify_service_type_page_load()\n        coverage_check_page = service_type_page.click_mbb_plan_btn()\n        coverage_check_page.verify_coverage_check_page()\n        coverage_check_page.enter_address()\n        mbb_promo_page = coverage_check_page.id_popup_check()\n        mbb_promo_page.verify_page_load()\n        mbb_promo_page.choose_plan()\n        account_creation_page = mbb_promo_page.bypass_compatibility_screen()\n        account_creation_page.verify_account_creation_page()\n        mbb_delivery_location_page = account_creation_page.create_account(\"mbb\")\n        mbb_delivery_location_page.verify_delivery_location_page()\n        delivery_details_page = mbb_delivery_location_page.select_current_location()\n        delivery_details_page.verify_delivery_details_page()\n        checkout_page = delivery_details_page.enter_address()\n        checkout_page.verify_mbb_checkout_page()\n        payment_page = checkout_page.agree_and_proceed()\n>       payment_page.verify_payment_page()\n\ntests/test_002.py:27: \n_ _ _ _ _ _ _ _ _ _ _ _ _ _ _ _ _ _ _ _ _ _ _ _ _ _ _ _ _ _ _ _ _ _ _ _ _ _ _ _ _ _ _ _ _ _ _ _ _ _ _ _ _ _ _ _ _ _ _ _ _ _ _ _ _ _ _ _ _ _ _ _ _ _ _ _ _ _ _ _ _ _ _ _ _\npages/payment_page.py:16: in verify_payment_page\n    credit = self.find(self.CREDIT)\npages/base_page.py:10: in find\n    return self.wait.until(EC.visibility_of_element_located(locator))\n_ _ _ _ _ _ _ _ _ _ _ _ _ _ _ _ _ _ _ _ _ _ _ _ _ _ _ _ _ _ _ _ _ _ _ _ _ _ _ _ _ _ _ _ _ _ _ _ _ _ _ _ _ _ _ _ _ _ _ _ _ _ _ _ _ _ _ _ _ _ _ _ _ _ _ _ _ _ _ _ _ _ _ _ _\n\nself = <selenium.webdriver.support.wait.WebDriverWait (session=\"ba3300cf0ecf66b91425718e2c53adfc\")>\nmethod = <function visibility_of_element_located.<locals>._predicate at 0x102d98900>, message = ''\n\n    def until(self, method: Callable[[D], Union[Literal[False], T]], message: str = \"\") -> T:\n        \"\"\"Calls the method provided with the driver as an argument until the \\\n        return value does not evaluate to ``False``.\n    \n        :param method: callable(WebDriver)\n        :param message: optional message for :exc:`TimeoutException`\n        :returns: the result of the last call to `method`\n        :raises: :exc:`selenium.common.exceptions.TimeoutException` if timeout occurs\n        \"\"\"\n        screen = None\n        stacktrace = None\n    \n        end_time = time.monotonic() + self._timeout\n        while True:\n            try:\n                value = method(self._driver)\n                if value:\n                    return value\n            except self._ignored_exceptions as exc:\n                screen = getattr(exc, \"screen\", None)\n                stacktrace = getattr(exc, \"stacktrace\", None)\n            time.sleep(self._poll)\n            if time.monotonic() > end_time:\n                break\n>       raise TimeoutException(message, screen, stacktrace)\nE       selenium.common.exceptions.TimeoutException: Message: \nE       Stacktrace:\nE       0   chromedriver                        0x000000010490ce6c cxxbridge1$str$ptr + 2722840\nE       1   chromedriver                        0x0000000104904d74 cxxbridge1$str$ptr + 2689824\nE       2   chromedriver                        0x00000001044563ec cxxbridge1$string$len + 90648\nE       3   chromedriver                        0x000000010449d544 cxxbridge1$string$len + 381808\nE       4   chromedriver                        0x00000001044de934 cxxbridge1$string$len + 649056\nE       5   chromedriver                        0x0000000104491834 cxxbridge1$string$len + 333408\nE       6   chromedriver                        0x00000001048cff88 cxxbridge1$str$ptr + 2473268\nE       7   chromedriver                        0x00000001048d31f4 cxxbridge1$str$ptr + 2486176\nE       8   chromedriver                        0x00000001048b19d0 cxxbridge1$str$ptr + 2348924\nE       9   chromedriver                        0x00000001048d3ab0 cxxbridge1$str$ptr + 2488412\nE       10  chromedriver                        0x00000001048a2a60 cxxbridge1$str$ptr + 2287628\nE       11  chromedriver                        0x00000001048f39a0 cxxbridge1$str$ptr + 2619212\nE       12  chromedriver                        0x00000001048f3b2c cxxbridge1$str$ptr + 2619608\nE       13  chromedriver                        0x00000001049049b0 cxxbridge1$str$ptr + 2688860\nE       14  libsystem_pthread.dylib             0x000000019e91ec0c _pthread_start + 136\nE       15  libsystem_pthread.dylib             0x000000019e919b80 thread_start + 8\n\n/opt/homebrew/lib/python3.11/site-packages/selenium/webdriver/support/wait.py:105: TimeoutException"}, "description": "Verify the web sign up flow for MBB 1 month plan", "steps": [{"name": "Verify that the homepage loaded correctly", "status": "passed", "start": 1752581370941, "stop": 1752581370970}, {"name": "Click join us on the homepage", "status": "passed", "start": 1752581370970, "stop": 1752581372859}, {"name": "Verify that the service type page has loaded correctly", "status": "passed", "start": 1752581372859, "stop": 1752581372880}, {"name": "Select MBB plan in the sign up flow", "status": "passed", "start": 1752581372880, "stop": 1752581374644}, {"name": "Verify page header, search bar and map", "status": "passed", "start": 1752581374644, "stop": 1752581376282}, {"name": "Enter address, confirm coverage and continue", "status": "passed", "start": 1752581376282, "stop": 1752581380749}, {"name": "Verify ID Popup and Confirm", "status": "passed", "start": 1752581380749, "stop": 1752581381881}, {"name": "Verify that the header, title and router image have loaded", "status": "passed", "start": 1752581381881, "stop": 1752581383968}, {"name": "Verify header, data card and router card. Select no router and proceed", "status": "passed", "start": 1752581383968, "stop": 1752581384661}, {"name": "Verify compatability screen is shown, and continue with no router", "status": "passed", "start": 1752581384661, "stop": 1752581384728}, {"name": "Verify that the account creation page has loaded and header / btn is displayed.", "status": "passed", "start": 1752581384728, "stop": 1752581386292}, {"name": "Create an account using a randomly generated email", "status": "passed", "parameters": [{"name": "account_type", "value": "'mbb'"}], "start": 1752581386292, "stop": 1752581396552}, {"name": "Verify delivery details page header and building options", "status": "passed", "start": 1752581397179, "stop": 1752581417377}, {"name": "Enter the address details and click continue", "status": "passed", "start": 1752581417378, "stop": 1752581418435}, {"name": "Verify MBB header, location card, plan card, address card, and final amount", "status": "passed", "start": 1752581418435, "stop": 1752581419165}, {"name": "Agree to terms and proceed to payment", "status": "passed", "start": 1752581419165, "stop": 1752581440443}, {"name": "Verify payment page header, credit/debit, google pay and POD", "status": "broken", "statusDetails": {"message": "selenium.common.exceptions.TimeoutException: Message: \nStacktrace:\n0   chromedriver                        0x000000010490ce6c cxxbridge1$str$ptr + 2722840\n1   chromedriver                        0x0000000104904d74 cxxbridge1$str$ptr + 2689824\n2   chromedriver                        0x00000001044563ec cxxbridge1$string$len + 90648\n3   chromedriver                        0x000000010449d544 cxxbridge1$string$len + 381808\n4   chromedriver                        0x00000001044de934 cxxbridge1$string$len + 649056\n5   chromedriver                        0x0000000104491834 cxxbridge1$string$len + 333408\n6   chromedriver                        0x00000001048cff88 cxxbridge1$str$ptr + 2473268\n7   chromedriver                        0x00000001048d31f4 cxxbridge1$str$ptr + 2486176\n8   chromedriver                        0x00000001048b19d0 cxxbridge1$str$ptr + 2348924\n9   chromedriver                        0x00000001048d3ab0 cxxbridge1$str$ptr + 2488412\n10  chromedriver                        0x00000001048a2a60 cxxbridge1$str$ptr + 2287628\n11  chromedriver                        0x00000001048f39a0 cxxbridge1$str$ptr + 2619212\n12  chromedriver                        0x00000001048f3b2c cxxbridge1$str$ptr + 2619608\n13  chromedriver                        0x00000001049049b0 cxxbridge1$str$ptr + 2688860\n14  libsystem_pthread.dylib             0x000000019e91ec0c _pthread_start + 136\n15  libsystem_pthread.dylib             0x000000019e919b80 thread_start + 8\n\n", "trace": "  File \"/opt/homebrew/lib/python3.11/site-packages/allure_commons/_allure.py\", line 202, in impl\n    return func(*a, **kw)\n           ^^^^^^^^^^^^^^\n  File \"/Users/muhammadkhan/Desktop/Web Automation/pages/payment_page.py\", line 16, in verify_payment_page\n    credit = self.find(self.CREDIT)\n             ^^^^^^^^^^^^^^^^^^^^^^\n  File \"/Users/muhammadkhan/Desktop/Web Automation/pages/base_page.py\", line 10, in find\n    return self.wait.until(EC.visibility_of_element_located(locator))\n           ^^^^^^^^^^^^^^^^^^^^^^^^^^^^^^^^^^^^^^^^^^^^^^^^^^^^^^^^^^\n  File \"/opt/homebrew/lib/python3.11/site-packages/selenium/webdriver/support/wait.py\", line 105, in until\n    raise TimeoutException(message, screen, stacktrace)\n"}, "start": 1752581440443, "stop": 1752581460616}], "start": 1752581366276, "stop": 1752581460625, "uuid": "17985270-7784-4871-bb5b-6f1edcda3990", "historyId": "5127a019c467fe5ce3953125d130e0c2", "testCaseId": "5127a019c467fe5ce3953125d130e0c2", "fullName": "tests.test_002#test_mbb_sign_up_flow", "labels": [{"name": "parentSuite", "value": "tests"}, {"name": "suite", "value": "test_002"}, {"name": "host", "value": "Muhammads-MacBook-Air.local"}, {"name": "thread", "value": "65597-MainThread"}, {"name": "framework", "value": "pytest"}, {"name": "language", "value": "cpython3"}, {"name": "package", "value": "tests.test_002"}]}