{"uid":"b9a4bbc75fd79ed7","name":"Sign Up Flow - MBB 1 Month","fullName":"tests.test_002#test_mbb_sign_up_flow","historyId":"5127a019c467fe5ce3953125d130e0c2","time":{"start":1752581702591,"stop":1752581793673,"duration":91082},"description":"Verify the web sign up flow for MBB 1 month plan","descriptionHtml":"<p>Verify the web sign up flow for MBB 1 month plan</p>\n","status":"broken","statusMessage":"selenium.common.exceptions.InvalidSelectorException: Message: invalid selector: Unable to locate an element with the xpath expression //text()=\"Google Pay\"] because of the following error:\nSyntaxError: Failed to execute 'evaluate' on 'Document': The string '//text()=\"Google Pay\"]' is not a valid XPath expression.\n  (Session info: chrome=138.0.7204.101); For documentation on this error, please visit: https://www.selenium.dev/documentation/webdriver/troubleshooting/errors#invalid-selector-exception\nStacktrace:\n0   chromedriver                        0x0000000104e18e6c cxxbridge1$str$ptr + 2722840\n1   chromedriver                        0x0000000104e10d74 cxxbridge1$str$ptr + 2689824\n2   chromedriver                        0x00000001049623ec cxxbridge1$string$len + 90648\n3   chromedriver                        0x00000001049680a0 cxxbridge1$string$len + 114380\n4   chromedriver                        0x000000010496a3e4 cxxbridge1$string$len + 123408\n5   chromedriver                        0x000000010496a48c cxxbridge1$string$len + 123576\n6   chromedriver                        0x00000001049a9114 cxxbridge1$string$len + 380736\n7   chromedriver                        0x00000001049ea934 cxxbridge1$string$len + 649056\n8   chromedriver                        0x000000010499d834 cxxbridge1$string$len + 333408\n9   chromedriver                        0x0000000104ddbf88 cxxbridge1$str$ptr + 2473268\n10  chromedriver                        0x0000000104ddf1f4 cxxbridge1$str$ptr + 2486176\n11  chromedriver                        0x0000000104dbd9d0 cxxbridge1$str$ptr + 2348924\n12  chromedriver                        0x0000000104ddfab0 cxxbridge1$str$ptr + 2488412\n13  chromedriver                        0x0000000104daea60 cxxbridge1$str$ptr + 2287628\n14  chromedriver                        0x0000000104dff9a0 cxxbridge1$str$ptr + 2619212\n15  chromedriver                        0x0000000104dffb2c cxxbridge1$str$ptr + 2619608\n16  chromedriver                        0x0000000104e109b0 cxxbridge1$str$ptr + 2688860\n17  libsystem_pthread.dylib             0x000000019e91ec0c _pthread_start + 136\n18  libsystem_pthread.dylib             0x000000019e919b80 thread_start + 8","statusTrace":"driver = <selenium.webdriver.chrome.webdriver.WebDriver (session=\"e1d231cea3252f49aab32269bc927e46\")>\n\n    @allure.title(\"Sign Up Flow - MBB 1 Month\")\n    @allure.description(\"Verify the web sign up flow for MBB 1 month plan\")\n    def test_mbb_sign_up_flow(driver):\n        driver.get(\"https://www.virginmobile.ae\")\n        home_page = HomePage(driver)\n        home_page.verify_page_load()\n        service_type_page = home_page.click_join_us()\n        service_type_page.verify_service_type_page_load()\n        coverage_check_page = service_type_page.click_mbb_plan_btn()\n        coverage_check_page.verify_coverage_check_page()\n        coverage_check_page.enter_address()\n        mbb_promo_page = coverage_check_page.id_popup_check()\n        mbb_promo_page.verify_page_load()\n        mbb_promo_page.choose_plan()\n        account_creation_page = mbb_promo_page.bypass_compatibility_screen()\n        account_creation_page.verify_account_creation_page()\n        mbb_delivery_location_page = account_creation_page.create_account(\"mbb\")\n        mbb_delivery_location_page.verify_delivery_location_page()\n        delivery_details_page = mbb_delivery_location_page.select_current_location()\n        delivery_details_page.verify_delivery_details_page()\n        checkout_page = delivery_details_page.enter_address()\n        checkout_page.verify_mbb_checkout_page()\n        payment_page = checkout_page.agree_and_proceed()\n>       payment_page.verify_payment_page()\n\ntests/test_002.py:27: \n_ _ _ _ _ _ _ _ _ _ _ _ _ _ _ _ _ _ _ _ _ _ _ _ _ _ _ _ _ _ _ _ _ _ _ _ _ _ _ _ _ _ _ _ _ _ _ _ _ _ _ _ _ _ _ _ _ _ _ _ _ _ _ _ _ _ _ _ _ _ _ _ _ _ _ _ _ _ _ _ _ _ _ _ _\npages/payment_page.py:21: in verify_payment_page\n    google = self.find(self.GOOGLE_PAY)\npages/base_page.py:10: in find\n    return self.wait.until(EC.visibility_of_element_located(locator))\n/opt/homebrew/lib/python3.11/site-packages/selenium/webdriver/support/wait.py:96: in until\n    value = method(self._driver)\n/opt/homebrew/lib/python3.11/site-packages/selenium/webdriver/support/expected_conditions.py:156: in _predicate\n    return _element_if_visible(driver.find_element(*locator))\n/opt/homebrew/lib/python3.11/site-packages/selenium/webdriver/remote/webdriver.py:748: in find_element\n    return self.execute(Command.FIND_ELEMENT, {\"using\": by, \"value\": value})[\"value\"]\n/opt/homebrew/lib/python3.11/site-packages/selenium/webdriver/remote/webdriver.py:354: in execute\n    self.error_handler.check_response(response)\n_ _ _ _ _ _ _ _ _ _ _ _ _ _ _ _ _ _ _ _ _ _ _ _ _ _ _ _ _ _ _ _ _ _ _ _ _ _ _ _ _ _ _ _ _ _ _ _ _ _ _ _ _ _ _ _ _ _ _ _ _ _ _ _ _ _ _ _ _ _ _ _ _ _ _ _ _ _ _ _ _ _ _ _ _\n\nself = <selenium.webdriver.remote.errorhandler.ErrorHandler object at 0x1043db190>\nresponse = {'status': 400, 'value': '{\"value\":{\"error\":\"invalid selector\",\"message\":\"invalid selector: Unable to locate an elemen...00019e91ec0c _pthread_start + 136\\\\n18  libsystem_pthread.dylib             0x000000019e919b80 thread_start + 8\\\\n\"}}'}\n\n    def check_response(self, response: Dict[str, Any]) -> None:\n        \"\"\"Checks that a JSON response from the WebDriver does not have an\n        error.\n    \n        :Args:\n         - response - The JSON response from the WebDriver server as a dictionary\n           object.\n    \n        :Raises: If the response contains an error message.\n        \"\"\"\n        status = response.get(\"status\", None)\n        if not status or status == ErrorCode.SUCCESS:\n            return\n        value = None\n        message = response.get(\"message\", \"\")\n        screen: str = response.get(\"screen\", \"\")\n        stacktrace = None\n        if isinstance(status, int):\n            value_json = response.get(\"value\", None)\n            if value_json and isinstance(value_json, str):\n                import json\n    \n                try:\n                    value = json.loads(value_json)\n                    if len(value) == 1:\n                        value = value[\"value\"]\n                    status = value.get(\"error\", None)\n                    if not status:\n                        status = value.get(\"status\", ErrorCode.UNKNOWN_ERROR)\n                        message = value.get(\"value\") or value.get(\"message\")\n                        if not isinstance(message, str):\n                            value = message\n                            message = message.get(\"message\")\n                    else:\n                        message = value.get(\"message\", None)\n                except ValueError:\n                    pass\n    \n        exception_class: Type[WebDriverException]\n        e = ErrorCode()\n        error_codes = [item for item in dir(e) if not item.startswith(\"__\")]\n        for error_code in error_codes:\n            error_info = getattr(ErrorCode, error_code)\n            if isinstance(error_info, list) and status in error_info:\n                exception_class = getattr(ExceptionMapping, error_code, WebDriverException)\n                break\n        else:\n            exception_class = WebDriverException\n    \n        if not value:\n            value = response[\"value\"]\n        if isinstance(value, str):\n            raise exception_class(value)\n        if message == \"\" and \"message\" in value:\n            message = value[\"message\"]\n    \n        screen = None  # type: ignore[assignment]\n        if \"screen\" in value:\n            screen = value[\"screen\"]\n    \n        stacktrace = None\n        st_value = value.get(\"stackTrace\") or value.get(\"stacktrace\")\n        if st_value:\n            if isinstance(st_value, str):\n                stacktrace = st_value.split(\"\\n\")\n            else:\n                stacktrace = []\n                try:\n                    for frame in st_value:\n                        line = frame.get(\"lineNumber\", \"\")\n                        file = frame.get(\"fileName\", \"<anonymous>\")\n                        if line:\n                            file = f\"{file}:{line}\"\n                        meth = frame.get(\"methodName\", \"<anonymous>\")\n                        if \"className\" in frame:\n                            meth = f\"{frame['className']}.{meth}\"\n                        msg = \"    at %s (%s)\"\n                        msg = msg % (meth, file)\n                        stacktrace.append(msg)\n                except TypeError:\n                    pass\n        if exception_class == UnexpectedAlertPresentException:\n            alert_text = None\n            if \"data\" in value:\n                alert_text = value[\"data\"].get(\"text\")\n            elif \"alert\" in value:\n                alert_text = value[\"alert\"].get(\"text\")\n            raise exception_class(message, screen, stacktrace, alert_text)  # type: ignore[call-arg]  # mypy is not smart enough here\n>       raise exception_class(message, screen, stacktrace)\nE       selenium.common.exceptions.InvalidSelectorException: Message: invalid selector: Unable to locate an element with the xpath expression //text()=\"Google Pay\"] because of the following error:\nE       SyntaxError: Failed to execute 'evaluate' on 'Document': The string '//text()=\"Google Pay\"]' is not a valid XPath expression.\nE         (Session info: chrome=138.0.7204.101); For documentation on this error, please visit: https://www.selenium.dev/documentation/webdriver/troubleshooting/errors#invalid-selector-exception\nE       Stacktrace:\nE       0   chromedriver                        0x0000000104e18e6c cxxbridge1$str$ptr + 2722840\nE       1   chromedriver                        0x0000000104e10d74 cxxbridge1$str$ptr + 2689824\nE       2   chromedriver                        0x00000001049623ec cxxbridge1$string$len + 90648\nE       3   chromedriver                        0x00000001049680a0 cxxbridge1$string$len + 114380\nE       4   chromedriver                        0x000000010496a3e4 cxxbridge1$string$len + 123408\nE       5   chromedriver                        0x000000010496a48c cxxbridge1$string$len + 123576\nE       6   chromedriver                        0x00000001049a9114 cxxbridge1$string$len + 380736\nE       7   chromedriver                        0x00000001049ea934 cxxbridge1$string$len + 649056\nE       8   chromedriver                        0x000000010499d834 cxxbridge1$string$len + 333408\nE       9   chromedriver                        0x0000000104ddbf88 cxxbridge1$str$ptr + 2473268\nE       10  chromedriver                        0x0000000104ddf1f4 cxxbridge1$str$ptr + 2486176\nE       11  chromedriver                        0x0000000104dbd9d0 cxxbridge1$str$ptr + 2348924\nE       12  chromedriver                        0x0000000104ddfab0 cxxbridge1$str$ptr + 2488412\nE       13  chromedriver                        0x0000000104daea60 cxxbridge1$str$ptr + 2287628\nE       14  chromedriver                        0x0000000104dff9a0 cxxbridge1$str$ptr + 2619212\nE       15  chromedriver                        0x0000000104dffb2c cxxbridge1$str$ptr + 2619608\nE       16  chromedriver                        0x0000000104e109b0 cxxbridge1$str$ptr + 2688860\nE       17  libsystem_pthread.dylib             0x000000019e91ec0c _pthread_start + 136\nE       18  libsystem_pthread.dylib             0x000000019e919b80 thread_start + 8\n\n/opt/homebrew/lib/python3.11/site-packages/selenium/webdriver/remote/errorhandler.py:229: InvalidSelectorException","flaky":false,"newFailed":false,"newBroken":false,"newPassed":false,"retriesCount":0,"retriesStatusChange":false,"beforeStages":[{"name":"driver","time":{"start":1752581701710,"stop":1752581702590,"duration":880},"status":"passed","steps":[],"attachments":[],"parameters":[],"stepsCount":0,"shouldDisplayMessage":false,"attachmentsCount":0,"hasContent":false,"attachmentStep":false}],"testStage":{"description":"Verify the web sign up flow for MBB 1 month plan","status":"broken","statusMessage":"selenium.common.exceptions.InvalidSelectorException: Message: invalid selector: Unable to locate an element with the xpath expression //text()=\"Google Pay\"] because of the following error:\nSyntaxError: Failed to execute 'evaluate' on 'Document': The string '//text()=\"Google Pay\"]' is not a valid XPath expression.\n  (Session info: chrome=138.0.7204.101); For documentation on this error, please visit: https://www.selenium.dev/documentation/webdriver/troubleshooting/errors#invalid-selector-exception\nStacktrace:\n0   chromedriver                        0x0000000104e18e6c cxxbridge1$str$ptr + 2722840\n1   chromedriver                        0x0000000104e10d74 cxxbridge1$str$ptr + 2689824\n2   chromedriver                        0x00000001049623ec cxxbridge1$string$len + 90648\n3   chromedriver                        0x00000001049680a0 cxxbridge1$string$len + 114380\n4   chromedriver                        0x000000010496a3e4 cxxbridge1$string$len + 123408\n5   chromedriver                        0x000000010496a48c cxxbridge1$string$len + 123576\n6   chromedriver                        0x00000001049a9114 cxxbridge1$string$len + 380736\n7   chromedriver                        0x00000001049ea934 cxxbridge1$string$len + 649056\n8   chromedriver                        0x000000010499d834 cxxbridge1$string$len + 333408\n9   chromedriver                        0x0000000104ddbf88 cxxbridge1$str$ptr + 2473268\n10  chromedriver                        0x0000000104ddf1f4 cxxbridge1$str$ptr + 2486176\n11  chromedriver                        0x0000000104dbd9d0 cxxbridge1$str$ptr + 2348924\n12  chromedriver                        0x0000000104ddfab0 cxxbridge1$str$ptr + 2488412\n13  chromedriver                        0x0000000104daea60 cxxbridge1$str$ptr + 2287628\n14  chromedriver                        0x0000000104dff9a0 cxxbridge1$str$ptr + 2619212\n15  chromedriver                        0x0000000104dffb2c cxxbridge1$str$ptr + 2619608\n16  chromedriver                        0x0000000104e109b0 cxxbridge1$str$ptr + 2688860\n17  libsystem_pthread.dylib             0x000000019e91ec0c _pthread_start + 136\n18  libsystem_pthread.dylib             0x000000019e919b80 thread_start + 8","statusTrace":"driver = <selenium.webdriver.chrome.webdriver.WebDriver (session=\"e1d231cea3252f49aab32269bc927e46\")>\n\n    @allure.title(\"Sign Up Flow - MBB 1 Month\")\n    @allure.description(\"Verify the web sign up flow for MBB 1 month plan\")\n    def test_mbb_sign_up_flow(driver):\n        driver.get(\"https://www.virginmobile.ae\")\n        home_page = HomePage(driver)\n        home_page.verify_page_load()\n        service_type_page = home_page.click_join_us()\n        service_type_page.verify_service_type_page_load()\n        coverage_check_page = service_type_page.click_mbb_plan_btn()\n        coverage_check_page.verify_coverage_check_page()\n        coverage_check_page.enter_address()\n        mbb_promo_page = coverage_check_page.id_popup_check()\n        mbb_promo_page.verify_page_load()\n        mbb_promo_page.choose_plan()\n        account_creation_page = mbb_promo_page.bypass_compatibility_screen()\n        account_creation_page.verify_account_creation_page()\n        mbb_delivery_location_page = account_creation_page.create_account(\"mbb\")\n        mbb_delivery_location_page.verify_delivery_location_page()\n        delivery_details_page = mbb_delivery_location_page.select_current_location()\n        delivery_details_page.verify_delivery_details_page()\n        checkout_page = delivery_details_page.enter_address()\n        checkout_page.verify_mbb_checkout_page()\n        payment_page = checkout_page.agree_and_proceed()\n>       payment_page.verify_payment_page()\n\ntests/test_002.py:27: \n_ _ _ _ _ _ _ _ _ _ _ _ _ _ _ _ _ _ _ _ _ _ _ _ _ _ _ _ _ _ _ _ _ _ _ _ _ _ _ _ _ _ _ _ _ _ _ _ _ _ _ _ _ _ _ _ _ _ _ _ _ _ _ _ _ _ _ _ _ _ _ _ _ _ _ _ _ _ _ _ _ _ _ _ _\npages/payment_page.py:21: in verify_payment_page\n    google = self.find(self.GOOGLE_PAY)\npages/base_page.py:10: in find\n    return self.wait.until(EC.visibility_of_element_located(locator))\n/opt/homebrew/lib/python3.11/site-packages/selenium/webdriver/support/wait.py:96: in until\n    value = method(self._driver)\n/opt/homebrew/lib/python3.11/site-packages/selenium/webdriver/support/expected_conditions.py:156: in _predicate\n    return _element_if_visible(driver.find_element(*locator))\n/opt/homebrew/lib/python3.11/site-packages/selenium/webdriver/remote/webdriver.py:748: in find_element\n    return self.execute(Command.FIND_ELEMENT, {\"using\": by, \"value\": value})[\"value\"]\n/opt/homebrew/lib/python3.11/site-packages/selenium/webdriver/remote/webdriver.py:354: in execute\n    self.error_handler.check_response(response)\n_ _ _ _ _ _ _ _ _ _ _ _ _ _ _ _ _ _ _ _ _ _ _ _ _ _ _ _ _ _ _ _ _ _ _ _ _ _ _ _ _ _ _ _ _ _ _ _ _ _ _ _ _ _ _ _ _ _ _ _ _ _ _ _ _ _ _ _ _ _ _ _ _ _ _ _ _ _ _ _ _ _ _ _ _\n\nself = <selenium.webdriver.remote.errorhandler.ErrorHandler object at 0x1043db190>\nresponse = {'status': 400, 'value': '{\"value\":{\"error\":\"invalid selector\",\"message\":\"invalid selector: Unable to locate an elemen...00019e91ec0c _pthread_start + 136\\\\n18  libsystem_pthread.dylib             0x000000019e919b80 thread_start + 8\\\\n\"}}'}\n\n    def check_response(self, response: Dict[str, Any]) -> None:\n        \"\"\"Checks that a JSON response from the WebDriver does not have an\n        error.\n    \n        :Args:\n         - response - The JSON response from the WebDriver server as a dictionary\n           object.\n    \n        :Raises: If the response contains an error message.\n        \"\"\"\n        status = response.get(\"status\", None)\n        if not status or status == ErrorCode.SUCCESS:\n            return\n        value = None\n        message = response.get(\"message\", \"\")\n        screen: str = response.get(\"screen\", \"\")\n        stacktrace = None\n        if isinstance(status, int):\n            value_json = response.get(\"value\", None)\n            if value_json and isinstance(value_json, str):\n                import json\n    \n                try:\n                    value = json.loads(value_json)\n                    if len(value) == 1:\n                        value = value[\"value\"]\n                    status = value.get(\"error\", None)\n                    if not status:\n                        status = value.get(\"status\", ErrorCode.UNKNOWN_ERROR)\n                        message = value.get(\"value\") or value.get(\"message\")\n                        if not isinstance(message, str):\n                            value = message\n                            message = message.get(\"message\")\n                    else:\n                        message = value.get(\"message\", None)\n                except ValueError:\n                    pass\n    \n        exception_class: Type[WebDriverException]\n        e = ErrorCode()\n        error_codes = [item for item in dir(e) if not item.startswith(\"__\")]\n        for error_code in error_codes:\n            error_info = getattr(ErrorCode, error_code)\n            if isinstance(error_info, list) and status in error_info:\n                exception_class = getattr(ExceptionMapping, error_code, WebDriverException)\n                break\n        else:\n            exception_class = WebDriverException\n    \n        if not value:\n            value = response[\"value\"]\n        if isinstance(value, str):\n            raise exception_class(value)\n        if message == \"\" and \"message\" in value:\n            message = value[\"message\"]\n    \n        screen = None  # type: ignore[assignment]\n        if \"screen\" in value:\n            screen = value[\"screen\"]\n    \n        stacktrace = None\n        st_value = value.get(\"stackTrace\") or value.get(\"stacktrace\")\n        if st_value:\n            if isinstance(st_value, str):\n                stacktrace = st_value.split(\"\\n\")\n            else:\n                stacktrace = []\n                try:\n                    for frame in st_value:\n                        line = frame.get(\"lineNumber\", \"\")\n                        file = frame.get(\"fileName\", \"<anonymous>\")\n                        if line:\n                            file = f\"{file}:{line}\"\n                        meth = frame.get(\"methodName\", \"<anonymous>\")\n                        if \"className\" in frame:\n                            meth = f\"{frame['className']}.{meth}\"\n                        msg = \"    at %s (%s)\"\n                        msg = msg % (meth, file)\n                        stacktrace.append(msg)\n                except TypeError:\n                    pass\n        if exception_class == UnexpectedAlertPresentException:\n            alert_text = None\n            if \"data\" in value:\n                alert_text = value[\"data\"].get(\"text\")\n            elif \"alert\" in value:\n                alert_text = value[\"alert\"].get(\"text\")\n            raise exception_class(message, screen, stacktrace, alert_text)  # type: ignore[call-arg]  # mypy is not smart enough here\n>       raise exception_class(message, screen, stacktrace)\nE       selenium.common.exceptions.InvalidSelectorException: Message: invalid selector: Unable to locate an element with the xpath expression //text()=\"Google Pay\"] because of the following error:\nE       SyntaxError: Failed to execute 'evaluate' on 'Document': The string '//text()=\"Google Pay\"]' is not a valid XPath expression.\nE         (Session info: chrome=138.0.7204.101); For documentation on this error, please visit: https://www.selenium.dev/documentation/webdriver/troubleshooting/errors#invalid-selector-exception\nE       Stacktrace:\nE       0   chromedriver                        0x0000000104e18e6c cxxbridge1$str$ptr + 2722840\nE       1   chromedriver                        0x0000000104e10d74 cxxbridge1$str$ptr + 2689824\nE       2   chromedriver                        0x00000001049623ec cxxbridge1$string$len + 90648\nE       3   chromedriver                        0x00000001049680a0 cxxbridge1$string$len + 114380\nE       4   chromedriver                        0x000000010496a3e4 cxxbridge1$string$len + 123408\nE       5   chromedriver                        0x000000010496a48c cxxbridge1$string$len + 123576\nE       6   chromedriver                        0x00000001049a9114 cxxbridge1$string$len + 380736\nE       7   chromedriver                        0x00000001049ea934 cxxbridge1$string$len + 649056\nE       8   chromedriver                        0x000000010499d834 cxxbridge1$string$len + 333408\nE       9   chromedriver                        0x0000000104ddbf88 cxxbridge1$str$ptr + 2473268\nE       10  chromedriver                        0x0000000104ddf1f4 cxxbridge1$str$ptr + 2486176\nE       11  chromedriver                        0x0000000104dbd9d0 cxxbridge1$str$ptr + 2348924\nE       12  chromedriver                        0x0000000104ddfab0 cxxbridge1$str$ptr + 2488412\nE       13  chromedriver                        0x0000000104daea60 cxxbridge1$str$ptr + 2287628\nE       14  chromedriver                        0x0000000104dff9a0 cxxbridge1$str$ptr + 2619212\nE       15  chromedriver                        0x0000000104dffb2c cxxbridge1$str$ptr + 2619608\nE       16  chromedriver                        0x0000000104e109b0 cxxbridge1$str$ptr + 2688860\nE       17  libsystem_pthread.dylib             0x000000019e91ec0c _pthread_start + 136\nE       18  libsystem_pthread.dylib             0x000000019e919b80 thread_start + 8\n\n/opt/homebrew/lib/python3.11/site-packages/selenium/webdriver/remote/errorhandler.py:229: InvalidSelectorException","steps":[{"name":"Verify that the homepage loaded correctly","time":{"start":1752581706628,"stop":1752581706653,"duration":25},"status":"passed","steps":[],"attachments":[],"parameters":[],"stepsCount":0,"shouldDisplayMessage":false,"attachmentsCount":0,"hasContent":false,"attachmentStep":false},{"name":"Click join us on the homepage","time":{"start":1752581706654,"stop":1752581708193,"duration":1539},"status":"passed","steps":[],"attachments":[],"parameters":[],"stepsCount":0,"shouldDisplayMessage":false,"attachmentsCount":0,"hasContent":false,"attachmentStep":false},{"name":"Verify that the service type page has loaded correctly","time":{"start":1752581708193,"stop":1752581708217,"duration":24},"status":"passed","steps":[],"attachments":[],"parameters":[],"stepsCount":0,"shouldDisplayMessage":false,"attachmentsCount":0,"hasContent":false,"attachmentStep":false},{"name":"Select MBB plan in the sign up flow","time":{"start":1752581708217,"stop":1752581709439,"duration":1222},"status":"passed","steps":[],"attachments":[],"parameters":[],"stepsCount":0,"shouldDisplayMessage":false,"attachmentsCount":0,"hasContent":false,"attachmentStep":false},{"name":"Verify page header, search bar and map","time":{"start":1752581709439,"stop":1752581711229,"duration":1790},"status":"passed","steps":[],"attachments":[],"parameters":[],"stepsCount":0,"shouldDisplayMessage":false,"attachmentsCount":0,"hasContent":false,"attachmentStep":false},{"name":"Enter address, confirm coverage and continue","time":{"start":1752581711229,"stop":1752581715655,"duration":4426},"status":"passed","steps":[],"attachments":[],"parameters":[],"stepsCount":0,"shouldDisplayMessage":false,"attachmentsCount":0,"hasContent":false,"attachmentStep":false},{"name":"Verify ID Popup and Confirm","time":{"start":1752581715656,"stop":1752581716362,"duration":706},"status":"passed","steps":[],"attachments":[],"parameters":[],"stepsCount":0,"shouldDisplayMessage":false,"attachmentsCount":0,"hasContent":false,"attachmentStep":false},{"name":"Verify that the header, title and router image have loaded","time":{"start":1752581716362,"stop":1752581717459,"duration":1097},"status":"passed","steps":[],"attachments":[],"parameters":[],"stepsCount":0,"shouldDisplayMessage":false,"attachmentsCount":0,"hasContent":false,"attachmentStep":false},{"name":"Verify header, data card and router card. Select no router and proceed","time":{"start":1752581717459,"stop":1752581717718,"duration":259},"status":"passed","steps":[],"attachments":[],"parameters":[],"stepsCount":0,"shouldDisplayMessage":false,"attachmentsCount":0,"hasContent":false,"attachmentStep":false},{"name":"Verify compatability screen is shown, and continue with no router","time":{"start":1752581717718,"stop":1752581717779,"duration":61},"status":"passed","steps":[],"attachments":[],"parameters":[],"stepsCount":0,"shouldDisplayMessage":false,"attachmentsCount":0,"hasContent":false,"attachmentStep":false},{"name":"Verify that the account creation page has loaded and header / btn is displayed.","time":{"start":1752581717779,"stop":1752581719870,"duration":2091},"status":"passed","steps":[],"attachments":[],"parameters":[],"stepsCount":0,"shouldDisplayMessage":false,"attachmentsCount":0,"hasContent":false,"attachmentStep":false},{"name":"Create an account using a randomly generated email","time":{"start":1752581719870,"stop":1752581729527,"duration":9657},"status":"passed","steps":[],"attachments":[],"parameters":[{"name":"account_type","value":"'mbb'"}],"stepsCount":0,"shouldDisplayMessage":false,"attachmentsCount":0,"hasContent":true,"attachmentStep":false},{"name":"Verify delivery details page header and building options","time":{"start":1752581730201,"stop":1752581750383,"duration":20182},"status":"passed","steps":[],"attachments":[],"parameters":[],"stepsCount":0,"shouldDisplayMessage":false,"attachmentsCount":0,"hasContent":false,"attachmentStep":false},{"name":"Enter the address details and click continue","time":{"start":1752581750383,"stop":1752581751427,"duration":1044},"status":"passed","steps":[],"attachments":[],"parameters":[],"stepsCount":0,"shouldDisplayMessage":false,"attachmentsCount":0,"hasContent":false,"attachmentStep":false},{"name":"Verify MBB header, location card, plan card, address card, and final amount","time":{"start":1752581751427,"stop":1752581752205,"duration":778},"status":"passed","steps":[],"attachments":[],"parameters":[],"stepsCount":0,"shouldDisplayMessage":false,"attachmentsCount":0,"hasContent":false,"attachmentStep":false},{"name":"Agree to terms and proceed to payment","time":{"start":1752581752206,"stop":1752581773486,"duration":21280},"status":"passed","steps":[],"attachments":[],"parameters":[],"stepsCount":0,"shouldDisplayMessage":false,"attachmentsCount":0,"hasContent":false,"attachmentStep":false},{"name":"Verify payment page header, credit/debit, google pay and POD","time":{"start":1752581773487,"stop":1752581793668,"duration":20181},"status":"broken","statusMessage":"selenium.common.exceptions.InvalidSelectorException: Message: invalid selector: Unable to locate an element with the xpath expression //text()=\"Google Pay\"] because of the following error:\nSyntaxError: Failed to execute 'evaluate' on 'Document': The string '//text()=\"Google Pay\"]' is not a valid XPath expression.\n  (Session info: chrome=138.0.7204.101); For documentation on this error, please visit: https://www.selenium.dev/documentation/webdriver/troubleshooting/errors#invalid-selector-exception\nStacktrace:\n0   chromedriver                        0x0000000104e18e6c cxxbridge1$str$ptr + 2722840\n1   chromedriver                        0x0000000104e10d74 cxxbridge1$str$ptr + 2689824\n2   chromedriver                        0x00000001049623ec cxxbridge1$string$len + 90648\n3   chromedriver                        0x00000001049680a0 cxxbridge1$string$len + 114380\n4   chromedriver                        0x000000010496a3e4 cxxbridge1$string$len + 123408\n5   chromedriver                        0x000000010496a48c cxxbridge1$string$len + 123576\n6   chromedriver                        0x00000001049a9114 cxxbridge1$string$len + 380736\n7   chromedriver                        0x00000001049ea934 cxxbridge1$string$len + 649056\n8   chromedriver                        0x000000010499d834 cxxbridge1$string$len + 333408\n9   chromedriver                        0x0000000104ddbf88 cxxbridge1$str$ptr + 2473268\n10  chromedriver                        0x0000000104ddf1f4 cxxbridge1$str$ptr + 2486176\n11  chromedriver                        0x0000000104dbd9d0 cxxbridge1$str$ptr + 2348924\n12  chromedriver                        0x0000000104ddfab0 cxxbridge1$str$ptr + 2488412\n13  chromedriver                        0x0000000104daea60 cxxbridge1$str$ptr + 2287628\n14  chromedriver                        0x0000000104dff9a0 cxxbridge1$str$ptr + 2619212\n15  chromedriver                        0x0000000104dffb2c cxxbridge1$str$ptr + 2619608\n16  chromedriver                        0x0000000104e109b0 cxxbridge1$str$ptr + 2688860\n17  libsystem_pthread.dylib             0x000000019e91ec0c _pthread_start + 136\n18  libsystem_pthread.dylib             0x000000019e919b80 thread_start + 8\n\n","statusTrace":"  File \"/opt/homebrew/lib/python3.11/site-packages/allure_commons/_allure.py\", line 202, in impl\n    return func(*a, **kw)\n           ^^^^^^^^^^^^^^\n  File \"/Users/muhammadkhan/Desktop/Web Automation/pages/payment_page.py\", line 21, in verify_payment_page\n    google = self.find(self.GOOGLE_PAY)\n             ^^^^^^^^^^^^^^^^^^^^^^^^^^\n  File \"/Users/muhammadkhan/Desktop/Web Automation/pages/base_page.py\", line 10, in find\n    return self.wait.until(EC.visibility_of_element_located(locator))\n           ^^^^^^^^^^^^^^^^^^^^^^^^^^^^^^^^^^^^^^^^^^^^^^^^^^^^^^^^^^\n  File \"/opt/homebrew/lib/python3.11/site-packages/selenium/webdriver/support/wait.py\", line 96, in until\n    value = method(self._driver)\n            ^^^^^^^^^^^^^^^^^^^^\n  File \"/opt/homebrew/lib/python3.11/site-packages/selenium/webdriver/support/expected_conditions.py\", line 156, in _predicate\n    return _element_if_visible(driver.find_element(*locator))\n                               ^^^^^^^^^^^^^^^^^^^^^^^^^^^^^\n  File \"/opt/homebrew/lib/python3.11/site-packages/selenium/webdriver/remote/webdriver.py\", line 748, in find_element\n    return self.execute(Command.FIND_ELEMENT, {\"using\": by, \"value\": value})[\"value\"]\n           ^^^^^^^^^^^^^^^^^^^^^^^^^^^^^^^^^^^^^^^^^^^^^^^^^^^^^^^^^^^^^^^^^\n  File \"/opt/homebrew/lib/python3.11/site-packages/selenium/webdriver/remote/webdriver.py\", line 354, in execute\n    self.error_handler.check_response(response)\n  File \"/opt/homebrew/lib/python3.11/site-packages/selenium/webdriver/remote/errorhandler.py\", line 229, in check_response\n    raise exception_class(message, screen, stacktrace)\n","steps":[],"attachments":[],"parameters":[],"stepsCount":0,"shouldDisplayMessage":true,"attachmentsCount":0,"hasContent":true,"attachmentStep":false}],"attachments":[],"parameters":[],"stepsCount":17,"shouldDisplayMessage":true,"attachmentsCount":0,"hasContent":true,"attachmentStep":false},"afterStages":[{"name":"driver::0","time":{"start":1752581793709,"stop":1752581794101,"duration":392},"status":"passed","steps":[],"attachments":[{"uid":"55163c8dc9273491","name":"failure_screenshot","source":"55163c8dc9273491.png","type":"image/png","size":122192}],"parameters":[],"stepsCount":0,"shouldDisplayMessage":false,"attachmentsCount":1,"hasContent":true,"attachmentStep":false}],"labels":[{"name":"parentSuite","value":"tests"},{"name":"suite","value":"test_002"},{"name":"host","value":"Muhammads-MacBook-Air.local"},{"name":"thread","value":"66064-MainThread"},{"name":"framework","value":"pytest"},{"name":"language","value":"cpython3"},{"name":"package","value":"tests.test_002"},{"name":"resultFormat","value":"allure2"}],"parameters":[],"links":[],"hidden":true,"retry":true,"extra":{"categories":[],"tags":[]},"source":"b9a4bbc75fd79ed7.json","parameterValues":[]}