{"uid":"dc9118335b0b48b5","name":"Sign Up Flow - MBB 1 Month","fullName":"tests.test_002#test_mbb_sign_up_flow","historyId":"5127a019c467fe5ce3953125d130e0c2","time":{"start":1752581366276,"stop":1752581460625,"duration":94349},"description":"Verify the web sign up flow for MBB 1 month plan","descriptionHtml":"<p>Verify the web sign up flow for MBB 1 month plan</p>\n","status":"broken","statusMessage":"selenium.common.exceptions.TimeoutException: Message: \nStacktrace:\n0   chromedriver                        0x000000010490ce6c cxxbridge1$str$ptr + 2722840\n1   chromedriver                        0x0000000104904d74 cxxbridge1$str$ptr + 2689824\n2   chromedriver                        0x00000001044563ec cxxbridge1$string$len + 90648\n3   chromedriver                        0x000000010449d544 cxxbridge1$string$len + 381808\n4   chromedriver                        0x00000001044de934 cxxbridge1$string$len + 649056\n5   chromedriver                        0x0000000104491834 cxxbridge1$string$len + 333408\n6   chromedriver                        0x00000001048cff88 cxxbridge1$str$ptr + 2473268\n7   chromedriver                        0x00000001048d31f4 cxxbridge1$str$ptr + 2486176\n8   chromedriver                        0x00000001048b19d0 cxxbridge1$str$ptr + 2348924\n9   chromedriver                        0x00000001048d3ab0 cxxbridge1$str$ptr + 2488412\n10  chromedriver                        0x00000001048a2a60 cxxbridge1$str$ptr + 2287628\n11  chromedriver                        0x00000001048f39a0 cxxbridge1$str$ptr + 2619212\n12  chromedriver                        0x00000001048f3b2c cxxbridge1$str$ptr + 2619608\n13  chromedriver                        0x00000001049049b0 cxxbridge1$str$ptr + 2688860\n14  libsystem_pthread.dylib             0x000000019e91ec0c _pthread_start + 136\n15  libsystem_pthread.dylib             0x000000019e919b80 thread_start + 8","statusTrace":"driver = <selenium.webdriver.chrome.webdriver.WebDriver (session=\"ba3300cf0ecf66b91425718e2c53adfc\")>\n\n    @allure.title(\"Sign Up Flow - MBB 1 Month\")\n    @allure.description(\"Verify the web sign up flow for MBB 1 month plan\")\n    def test_mbb_sign_up_flow(driver):\n        driver.get(\"https://www.virginmobile.ae\")\n        home_page = HomePage(driver)\n        home_page.verify_page_load()\n        service_type_page = home_page.click_join_us()\n        service_type_page.verify_service_type_page_load()\n        coverage_check_page = service_type_page.click_mbb_plan_btn()\n        coverage_check_page.verify_coverage_check_page()\n        coverage_check_page.enter_address()\n        mbb_promo_page = coverage_check_page.id_popup_check()\n        mbb_promo_page.verify_page_load()\n        mbb_promo_page.choose_plan()\n        account_creation_page = mbb_promo_page.bypass_compatibility_screen()\n        account_creation_page.verify_account_creation_page()\n        mbb_delivery_location_page = account_creation_page.create_account(\"mbb\")\n        mbb_delivery_location_page.verify_delivery_location_page()\n        delivery_details_page = mbb_delivery_location_page.select_current_location()\n        delivery_details_page.verify_delivery_details_page()\n        checkout_page = delivery_details_page.enter_address()\n        checkout_page.verify_mbb_checkout_page()\n        payment_page = checkout_page.agree_and_proceed()\n>       payment_page.verify_payment_page()\n\ntests/test_002.py:27: \n_ _ _ _ _ _ _ _ _ _ _ _ _ _ _ _ _ _ _ _ _ _ _ _ _ _ _ _ _ _ _ _ _ _ _ _ _ _ _ _ _ _ _ _ _ _ _ _ _ _ _ _ _ _ _ _ _ _ _ _ _ _ _ _ _ _ _ _ _ _ _ _ _ _ _ _ _ _ _ _ _ _ _ _ _\npages/payment_page.py:16: in verify_payment_page\n    credit = self.find(self.CREDIT)\npages/base_page.py:10: in find\n    return self.wait.until(EC.visibility_of_element_located(locator))\n_ _ _ _ _ _ _ _ _ _ _ _ _ _ _ _ _ _ _ _ _ _ _ _ _ _ _ _ _ _ _ _ _ _ _ _ _ _ _ _ _ _ _ _ _ _ _ _ _ _ _ _ _ _ _ _ _ _ _ _ _ _ _ _ _ _ _ _ _ _ _ _ _ _ _ _ _ _ _ _ _ _ _ _ _\n\nself = <selenium.webdriver.support.wait.WebDriverWait (session=\"ba3300cf0ecf66b91425718e2c53adfc\")>\nmethod = <function visibility_of_element_located.<locals>._predicate at 0x102d98900>, message = ''\n\n    def until(self, method: Callable[[D], Union[Literal[False], T]], message: str = \"\") -> T:\n        \"\"\"Calls the method provided with the driver as an argument until the \\\n        return value does not evaluate to ``False``.\n    \n        :param method: callable(WebDriver)\n        :param message: optional message for :exc:`TimeoutException`\n        :returns: the result of the last call to `method`\n        :raises: :exc:`selenium.common.exceptions.TimeoutException` if timeout occurs\n        \"\"\"\n        screen = None\n        stacktrace = None\n    \n        end_time = time.monotonic() + self._timeout\n        while True:\n            try:\n                value = method(self._driver)\n                if value:\n                    return value\n            except self._ignored_exceptions as exc:\n                screen = getattr(exc, \"screen\", None)\n                stacktrace = getattr(exc, \"stacktrace\", None)\n            time.sleep(self._poll)\n            if time.monotonic() > end_time:\n                break\n>       raise TimeoutException(message, screen, stacktrace)\nE       selenium.common.exceptions.TimeoutException: Message: \nE       Stacktrace:\nE       0   chromedriver                        0x000000010490ce6c cxxbridge1$str$ptr + 2722840\nE       1   chromedriver                        0x0000000104904d74 cxxbridge1$str$ptr + 2689824\nE       2   chromedriver                        0x00000001044563ec cxxbridge1$string$len + 90648\nE       3   chromedriver                        0x000000010449d544 cxxbridge1$string$len + 381808\nE       4   chromedriver                        0x00000001044de934 cxxbridge1$string$len + 649056\nE       5   chromedriver                        0x0000000104491834 cxxbridge1$string$len + 333408\nE       6   chromedriver                        0x00000001048cff88 cxxbridge1$str$ptr + 2473268\nE       7   chromedriver                        0x00000001048d31f4 cxxbridge1$str$ptr + 2486176\nE       8   chromedriver                        0x00000001048b19d0 cxxbridge1$str$ptr + 2348924\nE       9   chromedriver                        0x00000001048d3ab0 cxxbridge1$str$ptr + 2488412\nE       10  chromedriver                        0x00000001048a2a60 cxxbridge1$str$ptr + 2287628\nE       11  chromedriver                        0x00000001048f39a0 cxxbridge1$str$ptr + 2619212\nE       12  chromedriver                        0x00000001048f3b2c cxxbridge1$str$ptr + 2619608\nE       13  chromedriver                        0x00000001049049b0 cxxbridge1$str$ptr + 2688860\nE       14  libsystem_pthread.dylib             0x000000019e91ec0c _pthread_start + 136\nE       15  libsystem_pthread.dylib             0x000000019e919b80 thread_start + 8\n\n/opt/homebrew/lib/python3.11/site-packages/selenium/webdriver/support/wait.py:105: TimeoutException","flaky":false,"newFailed":false,"newBroken":false,"newPassed":false,"retriesCount":0,"retriesStatusChange":false,"beforeStages":[{"name":"driver","time":{"start":1752581365422,"stop":1752581366275,"duration":853},"status":"passed","steps":[],"attachments":[],"parameters":[],"shouldDisplayMessage":false,"stepsCount":0,"attachmentsCount":0,"hasContent":false,"attachmentStep":false}],"testStage":{"description":"Verify the web sign up flow for MBB 1 month plan","status":"broken","statusMessage":"selenium.common.exceptions.TimeoutException: Message: \nStacktrace:\n0   chromedriver                        0x000000010490ce6c cxxbridge1$str$ptr + 2722840\n1   chromedriver                        0x0000000104904d74 cxxbridge1$str$ptr + 2689824\n2   chromedriver                        0x00000001044563ec cxxbridge1$string$len + 90648\n3   chromedriver                        0x000000010449d544 cxxbridge1$string$len + 381808\n4   chromedriver                        0x00000001044de934 cxxbridge1$string$len + 649056\n5   chromedriver                        0x0000000104491834 cxxbridge1$string$len + 333408\n6   chromedriver                        0x00000001048cff88 cxxbridge1$str$ptr + 2473268\n7   chromedriver                        0x00000001048d31f4 cxxbridge1$str$ptr + 2486176\n8   chromedriver                        0x00000001048b19d0 cxxbridge1$str$ptr + 2348924\n9   chromedriver                        0x00000001048d3ab0 cxxbridge1$str$ptr + 2488412\n10  chromedriver                        0x00000001048a2a60 cxxbridge1$str$ptr + 2287628\n11  chromedriver                        0x00000001048f39a0 cxxbridge1$str$ptr + 2619212\n12  chromedriver                        0x00000001048f3b2c cxxbridge1$str$ptr + 2619608\n13  chromedriver                        0x00000001049049b0 cxxbridge1$str$ptr + 2688860\n14  libsystem_pthread.dylib             0x000000019e91ec0c _pthread_start + 136\n15  libsystem_pthread.dylib             0x000000019e919b80 thread_start + 8","statusTrace":"driver = <selenium.webdriver.chrome.webdriver.WebDriver (session=\"ba3300cf0ecf66b91425718e2c53adfc\")>\n\n    @allure.title(\"Sign Up Flow - MBB 1 Month\")\n    @allure.description(\"Verify the web sign up flow for MBB 1 month plan\")\n    def test_mbb_sign_up_flow(driver):\n        driver.get(\"https://www.virginmobile.ae\")\n        home_page = HomePage(driver)\n        home_page.verify_page_load()\n        service_type_page = home_page.click_join_us()\n        service_type_page.verify_service_type_page_load()\n        coverage_check_page = service_type_page.click_mbb_plan_btn()\n        coverage_check_page.verify_coverage_check_page()\n        coverage_check_page.enter_address()\n        mbb_promo_page = coverage_check_page.id_popup_check()\n        mbb_promo_page.verify_page_load()\n        mbb_promo_page.choose_plan()\n        account_creation_page = mbb_promo_page.bypass_compatibility_screen()\n        account_creation_page.verify_account_creation_page()\n        mbb_delivery_location_page = account_creation_page.create_account(\"mbb\")\n        mbb_delivery_location_page.verify_delivery_location_page()\n        delivery_details_page = mbb_delivery_location_page.select_current_location()\n        delivery_details_page.verify_delivery_details_page()\n        checkout_page = delivery_details_page.enter_address()\n        checkout_page.verify_mbb_checkout_page()\n        payment_page = checkout_page.agree_and_proceed()\n>       payment_page.verify_payment_page()\n\ntests/test_002.py:27: \n_ _ _ _ _ _ _ _ _ _ _ _ _ _ _ _ _ _ _ _ _ _ _ _ _ _ _ _ _ _ _ _ _ _ _ _ _ _ _ _ _ _ _ _ _ _ _ _ _ _ _ _ _ _ _ _ _ _ _ _ _ _ _ _ _ _ _ _ _ _ _ _ _ _ _ _ _ _ _ _ _ _ _ _ _\npages/payment_page.py:16: in verify_payment_page\n    credit = self.find(self.CREDIT)\npages/base_page.py:10: in find\n    return self.wait.until(EC.visibility_of_element_located(locator))\n_ _ _ _ _ _ _ _ _ _ _ _ _ _ _ _ _ _ _ _ _ _ _ _ _ _ _ _ _ _ _ _ _ _ _ _ _ _ _ _ _ _ _ _ _ _ _ _ _ _ _ _ _ _ _ _ _ _ _ _ _ _ _ _ _ _ _ _ _ _ _ _ _ _ _ _ _ _ _ _ _ _ _ _ _\n\nself = <selenium.webdriver.support.wait.WebDriverWait (session=\"ba3300cf0ecf66b91425718e2c53adfc\")>\nmethod = <function visibility_of_element_located.<locals>._predicate at 0x102d98900>, message = ''\n\n    def until(self, method: Callable[[D], Union[Literal[False], T]], message: str = \"\") -> T:\n        \"\"\"Calls the method provided with the driver as an argument until the \\\n        return value does not evaluate to ``False``.\n    \n        :param method: callable(WebDriver)\n        :param message: optional message for :exc:`TimeoutException`\n        :returns: the result of the last call to `method`\n        :raises: :exc:`selenium.common.exceptions.TimeoutException` if timeout occurs\n        \"\"\"\n        screen = None\n        stacktrace = None\n    \n        end_time = time.monotonic() + self._timeout\n        while True:\n            try:\n                value = method(self._driver)\n                if value:\n                    return value\n            except self._ignored_exceptions as exc:\n                screen = getattr(exc, \"screen\", None)\n                stacktrace = getattr(exc, \"stacktrace\", None)\n            time.sleep(self._poll)\n            if time.monotonic() > end_time:\n                break\n>       raise TimeoutException(message, screen, stacktrace)\nE       selenium.common.exceptions.TimeoutException: Message: \nE       Stacktrace:\nE       0   chromedriver                        0x000000010490ce6c cxxbridge1$str$ptr + 2722840\nE       1   chromedriver                        0x0000000104904d74 cxxbridge1$str$ptr + 2689824\nE       2   chromedriver                        0x00000001044563ec cxxbridge1$string$len + 90648\nE       3   chromedriver                        0x000000010449d544 cxxbridge1$string$len + 381808\nE       4   chromedriver                        0x00000001044de934 cxxbridge1$string$len + 649056\nE       5   chromedriver                        0x0000000104491834 cxxbridge1$string$len + 333408\nE       6   chromedriver                        0x00000001048cff88 cxxbridge1$str$ptr + 2473268\nE       7   chromedriver                        0x00000001048d31f4 cxxbridge1$str$ptr + 2486176\nE       8   chromedriver                        0x00000001048b19d0 cxxbridge1$str$ptr + 2348924\nE       9   chromedriver                        0x00000001048d3ab0 cxxbridge1$str$ptr + 2488412\nE       10  chromedriver                        0x00000001048a2a60 cxxbridge1$str$ptr + 2287628\nE       11  chromedriver                        0x00000001048f39a0 cxxbridge1$str$ptr + 2619212\nE       12  chromedriver                        0x00000001048f3b2c cxxbridge1$str$ptr + 2619608\nE       13  chromedriver                        0x00000001049049b0 cxxbridge1$str$ptr + 2688860\nE       14  libsystem_pthread.dylib             0x000000019e91ec0c _pthread_start + 136\nE       15  libsystem_pthread.dylib             0x000000019e919b80 thread_start + 8\n\n/opt/homebrew/lib/python3.11/site-packages/selenium/webdriver/support/wait.py:105: TimeoutException","steps":[{"name":"Verify that the homepage loaded correctly","time":{"start":1752581370941,"stop":1752581370970,"duration":29},"status":"passed","steps":[],"attachments":[],"parameters":[],"shouldDisplayMessage":false,"stepsCount":0,"attachmentsCount":0,"hasContent":false,"attachmentStep":false},{"name":"Click join us on the homepage","time":{"start":1752581370970,"stop":1752581372859,"duration":1889},"status":"passed","steps":[],"attachments":[],"parameters":[],"shouldDisplayMessage":false,"stepsCount":0,"attachmentsCount":0,"hasContent":false,"attachmentStep":false},{"name":"Verify that the service type page has loaded correctly","time":{"start":1752581372859,"stop":1752581372880,"duration":21},"status":"passed","steps":[],"attachments":[],"parameters":[],"shouldDisplayMessage":false,"stepsCount":0,"attachmentsCount":0,"hasContent":false,"attachmentStep":false},{"name":"Select MBB plan in the sign up flow","time":{"start":1752581372880,"stop":1752581374644,"duration":1764},"status":"passed","steps":[],"attachments":[],"parameters":[],"shouldDisplayMessage":false,"stepsCount":0,"attachmentsCount":0,"hasContent":false,"attachmentStep":false},{"name":"Verify page header, search bar and map","time":{"start":1752581374644,"stop":1752581376282,"duration":1638},"status":"passed","steps":[],"attachments":[],"parameters":[],"shouldDisplayMessage":false,"stepsCount":0,"attachmentsCount":0,"hasContent":false,"attachmentStep":false},{"name":"Enter address, confirm coverage and continue","time":{"start":1752581376282,"stop":1752581380749,"duration":4467},"status":"passed","steps":[],"attachments":[],"parameters":[],"shouldDisplayMessage":false,"stepsCount":0,"attachmentsCount":0,"hasContent":false,"attachmentStep":false},{"name":"Verify ID Popup and Confirm","time":{"start":1752581380749,"stop":1752581381881,"duration":1132},"status":"passed","steps":[],"attachments":[],"parameters":[],"shouldDisplayMessage":false,"stepsCount":0,"attachmentsCount":0,"hasContent":false,"attachmentStep":false},{"name":"Verify that the header, title and router image have loaded","time":{"start":1752581381881,"stop":1752581383968,"duration":2087},"status":"passed","steps":[],"attachments":[],"parameters":[],"shouldDisplayMessage":false,"stepsCount":0,"attachmentsCount":0,"hasContent":false,"attachmentStep":false},{"name":"Verify header, data card and router card. Select no router and proceed","time":{"start":1752581383968,"stop":1752581384661,"duration":693},"status":"passed","steps":[],"attachments":[],"parameters":[],"shouldDisplayMessage":false,"stepsCount":0,"attachmentsCount":0,"hasContent":false,"attachmentStep":false},{"name":"Verify compatability screen is shown, and continue with no router","time":{"start":1752581384661,"stop":1752581384728,"duration":67},"status":"passed","steps":[],"attachments":[],"parameters":[],"shouldDisplayMessage":false,"stepsCount":0,"attachmentsCount":0,"hasContent":false,"attachmentStep":false},{"name":"Verify that the account creation page has loaded and header / btn is displayed.","time":{"start":1752581384728,"stop":1752581386292,"duration":1564},"status":"passed","steps":[],"attachments":[],"parameters":[],"shouldDisplayMessage":false,"stepsCount":0,"attachmentsCount":0,"hasContent":false,"attachmentStep":false},{"name":"Create an account using a randomly generated email","time":{"start":1752581386292,"stop":1752581396552,"duration":10260},"status":"passed","steps":[],"attachments":[],"parameters":[{"name":"account_type","value":"'mbb'"}],"shouldDisplayMessage":false,"stepsCount":0,"attachmentsCount":0,"hasContent":true,"attachmentStep":false},{"name":"Verify delivery details page header and building options","time":{"start":1752581397179,"stop":1752581417377,"duration":20198},"status":"passed","steps":[],"attachments":[],"parameters":[],"shouldDisplayMessage":false,"stepsCount":0,"attachmentsCount":0,"hasContent":false,"attachmentStep":false},{"name":"Enter the address details and click continue","time":{"start":1752581417378,"stop":1752581418435,"duration":1057},"status":"passed","steps":[],"attachments":[],"parameters":[],"shouldDisplayMessage":false,"stepsCount":0,"attachmentsCount":0,"hasContent":false,"attachmentStep":false},{"name":"Verify MBB header, location card, plan card, address card, and final amount","time":{"start":1752581418435,"stop":1752581419165,"duration":730},"status":"passed","steps":[],"attachments":[],"parameters":[],"shouldDisplayMessage":false,"stepsCount":0,"attachmentsCount":0,"hasContent":false,"attachmentStep":false},{"name":"Agree to terms and proceed to payment","time":{"start":1752581419165,"stop":1752581440443,"duration":21278},"status":"passed","steps":[],"attachments":[],"parameters":[],"shouldDisplayMessage":false,"stepsCount":0,"attachmentsCount":0,"hasContent":false,"attachmentStep":false},{"name":"Verify payment page header, credit/debit, google pay and POD","time":{"start":1752581440443,"stop":1752581460616,"duration":20173},"status":"broken","statusMessage":"selenium.common.exceptions.TimeoutException: Message: \nStacktrace:\n0   chromedriver                        0x000000010490ce6c cxxbridge1$str$ptr + 2722840\n1   chromedriver                        0x0000000104904d74 cxxbridge1$str$ptr + 2689824\n2   chromedriver                        0x00000001044563ec cxxbridge1$string$len + 90648\n3   chromedriver                        0x000000010449d544 cxxbridge1$string$len + 381808\n4   chromedriver                        0x00000001044de934 cxxbridge1$string$len + 649056\n5   chromedriver                        0x0000000104491834 cxxbridge1$string$len + 333408\n6   chromedriver                        0x00000001048cff88 cxxbridge1$str$ptr + 2473268\n7   chromedriver                        0x00000001048d31f4 cxxbridge1$str$ptr + 2486176\n8   chromedriver                        0x00000001048b19d0 cxxbridge1$str$ptr + 2348924\n9   chromedriver                        0x00000001048d3ab0 cxxbridge1$str$ptr + 2488412\n10  chromedriver                        0x00000001048a2a60 cxxbridge1$str$ptr + 2287628\n11  chromedriver                        0x00000001048f39a0 cxxbridge1$str$ptr + 2619212\n12  chromedriver                        0x00000001048f3b2c cxxbridge1$str$ptr + 2619608\n13  chromedriver                        0x00000001049049b0 cxxbridge1$str$ptr + 2688860\n14  libsystem_pthread.dylib             0x000000019e91ec0c _pthread_start + 136\n15  libsystem_pthread.dylib             0x000000019e919b80 thread_start + 8\n\n","statusTrace":"  File \"/opt/homebrew/lib/python3.11/site-packages/allure_commons/_allure.py\", line 202, in impl\n    return func(*a, **kw)\n           ^^^^^^^^^^^^^^\n  File \"/Users/muhammadkhan/Desktop/Web Automation/pages/payment_page.py\", line 16, in verify_payment_page\n    credit = self.find(self.CREDIT)\n             ^^^^^^^^^^^^^^^^^^^^^^\n  File \"/Users/muhammadkhan/Desktop/Web Automation/pages/base_page.py\", line 10, in find\n    return self.wait.until(EC.visibility_of_element_located(locator))\n           ^^^^^^^^^^^^^^^^^^^^^^^^^^^^^^^^^^^^^^^^^^^^^^^^^^^^^^^^^^\n  File \"/opt/homebrew/lib/python3.11/site-packages/selenium/webdriver/support/wait.py\", line 105, in until\n    raise TimeoutException(message, screen, stacktrace)\n","steps":[],"attachments":[],"parameters":[],"shouldDisplayMessage":true,"stepsCount":0,"attachmentsCount":0,"hasContent":true,"attachmentStep":false}],"attachments":[],"parameters":[],"shouldDisplayMessage":true,"stepsCount":17,"attachmentsCount":0,"hasContent":true,"attachmentStep":false},"afterStages":[{"name":"driver::0","time":{"start":1752581460639,"stop":1752581461005,"duration":366},"status":"passed","steps":[],"attachments":[{"uid":"5bff4d63dd69d274","name":"failure_screenshot","source":"5bff4d63dd69d274.png","type":"image/png","size":125603}],"parameters":[],"shouldDisplayMessage":false,"stepsCount":0,"attachmentsCount":1,"hasContent":true,"attachmentStep":false}],"labels":[{"name":"parentSuite","value":"tests"},{"name":"suite","value":"test_002"},{"name":"host","value":"Muhammads-MacBook-Air.local"},{"name":"thread","value":"65597-MainThread"},{"name":"framework","value":"pytest"},{"name":"language","value":"cpython3"},{"name":"package","value":"tests.test_002"},{"name":"resultFormat","value":"allure2"}],"parameters":[],"links":[],"hidden":true,"retry":true,"extra":{"categories":[],"tags":[]},"source":"dc9118335b0b48b5.json","parameterValues":[]}